
Notice: Undefined index: 1 in /webroot/picshare/cron.php on line 4



 enter dir :/Network/photo/
 生成第1张图片:/Network/photo/坤.jpg
 生成第2张图片:/Network/photo/未命名.jpg


 enter dir :/Network/photo/100olymp/
 生成第3张图片:/Network/photo/100olymp/PA020009.JPG
 生成第4张图片:/Network/photo/100olymp/PA020010.JPG
 生成第5张图片:/Network/photo/100olymp/PA100011.JPG
 生成第6张图片:/Network/photo/100olymp/PA100012.JPG
 生成第7张图片:/Network/photo/100olymp/PA140013.JPG
 生成第8张图片:/Network/photo/100olymp/PA140014.JPG
 生成第9张图片:/Network/photo/100olymp/PA140015.JPG
 生成第10张图片:/Network/photo/100olymp/PA140016.JPG
 生成第11张图片:/Network/photo/100olymp/PA140017.JPG
 生成第12张图片:/Network/photo/100olymp/PA140018.JPG
 生成第13张图片:/Network/photo/100olymp/PA140019.JPG
 生成第14张图片:/Network/photo/100olymp/PA140020.JPG
 生成第15张图片:/Network/photo/100olymp/PA140021.JPG
 生成第16张图片:/Network/photo/100olymp/PA140022.JPG
 生成第17张图片:/Network/photo/100olymp/PA140023.JPG
 生成第18张图片:/Network/photo/100olymp/PA140024.JPG
 生成第19张图片:/Network/photo/100olymp/PA140025.JPG
 生成第20张图片:/Network/photo/100olymp/PA140026.JPG
 生成第21张图片:/Network/photo/100olymp/PA140027.JPG
 生成第22张图片:/Network/photo/100olymp/PA140028.JPG
 生成第23张图片:/Network/photo/100olymp/PA140030.JPG
 生成第24张图片:/Network/photo/100olymp/PA140031.JPG
 生成第25张图片:/Network/photo/100olymp/PA140032.JPG
 生成第26张图片:/Network/photo/100olymp/PA140033.JPG
 生成第27张图片:/Network/photo/100olymp/PA140034.JPG
 生成第28张图片:/Network/photo/100olymp/PA140035.JPG
 生成第29张图片:/Network/photo/100olymp/PA140036.JPG
 生成第30张图片:/Network/photo/100olymp/PA140037.JPG
 生成第31张图片:/Network/photo/100olymp/PA140038.JPG
 生成第32张图片:/Network/photo/100olymp/PA140039.JPG
 生成第33张图片:/Network/photo/100olymp/PA140040.JPG
 生成第34张图片:/Network/photo/100olymp/PA140041.JPG
 生成第35张图片:/Network/photo/100olymp/PA140042.JPG
 生成第36张图片:/Network/photo/100olymp/PA140043.JPG
 生成第37张图片:/Network/photo/100olymp/PA140044.JPG
 生成第38张图片:/Network/photo/100olymp/PA140046.JPG
 生成第39张图片:/Network/photo/100olymp/PA140047.JPG
 生成第40张图片:/Network/photo/100olymp/PA140048.JPG
 生成第41张图片:/Network/photo/100olymp/PA140049.JPG
 生成第42张图片:/Network/photo/100olymp/PA140050.JPG
 生成第43张图片:/Network/photo/100olymp/PA140051.JPG
 生成第44张图片:/Network/photo/100olymp/PA140052.JPG
 生成第45张图片:/Network/photo/100olymp/PA140053.JPG
 生成第46张图片:/Network/photo/100olymp/PA140054.JPG
 生成第47张图片:/Network/photo/100olymp/PA140055.JPG
 生成第48张图片:/Network/photo/100olymp/PA140056.JPG
 生成第49张图片:/Network/photo/100olymp/PA140057.JPG
 生成第50张图片:/Network/photo/100olymp/PA140058.JPG
 生成第51张图片:/Network/photo/100olymp/PA140059.JPG
 生成第52张图片:/Network/photo/100olymp/PA140060.JPG
 生成第53张图片:/Network/photo/100olymp/PA140061.JPG
 生成第54张图片:/Network/photo/100olymp/PA140062.JPG
 生成第55张图片:/Network/photo/100olymp/PA140063.JPG
 生成第56张图片:/Network/photo/100olymp/PA140064.JPG
 生成第57张图片:/Network/photo/100olymp/PA140066.JPG
 生成第58张图片:/Network/photo/100olymp/PA140071.JPG
 生成第59张图片:/Network/photo/100olymp/PA140072.JPG
 生成第60张图片:/Network/photo/100olymp/PA140073.JPG
 生成第61张图片:/Network/photo/100olymp/PA140074.JPG
 生成第62张图片:/Network/photo/100olymp/PA140075.JPG
 生成第63张图片:/Network/photo/100olymp/PA140076.JPG
 生成第64张图片:/Network/photo/100olymp/PA140077.JPG
 生成第65张图片:/Network/photo/100olymp/PA140078.JPG
 生成第66张图片:/Network/photo/100olymp/PA140079.JPG
 生成第67张图片:/Network/photo/100olymp/PA140080.JPG
 生成第68张图片:/Network/photo/100olymp/PA140081.JPG
 生成第69张图片:/Network/photo/100olymp/PA140084.JPG
 生成第70张图片:/Network/photo/100olymp/PA140085.JPG
 生成第71张图片:/Network/photo/100olymp/PA140089.JPG
 生成第72张图片:/Network/photo/100olymp/PA140091.JPG
 生成第73张图片:/Network/photo/100olymp/PA140092.JPG
 生成第74张图片:/Network/photo/100olymp/PA140093.JPG
 生成第75张图片:/Network/photo/100olymp/PA140094.JPG
 生成第76张图片:/Network/photo/100olymp/PA140095.JPG
 生成第77张图片:/Network/photo/100olymp/PA140097.JPG
 生成第78张图片:/Network/photo/100olymp/PA140098.JPG
 生成第79张图片:/Network/photo/100olymp/PA140099.JPG
 生成第80张图片:/Network/photo/100olymp/PA140100.JPG
 生成第81张图片:/Network/photo/100olymp/PA140102.JPG
 生成第82张图片:/Network/photo/100olymp/PA140105.JPG
 生成第83张图片:/Network/photo/100olymp/PA140106.JPG
 生成第84张图片:/Network/photo/100olymp/PA140107.JPG
 生成第85张图片:/Network/photo/100olymp/PA140108.JPG
 生成第86张图片:/Network/photo/100olymp/PA140109.JPG
 生成第87张图片:/Network/photo/100olymp/PA140110.JPG
 生成第88张图片:/Network/photo/100olymp/PA140111.JPG
 生成第89张图片:/Network/photo/100olymp/PA140112.JPG
 生成第90张图片:/Network/photo/100olymp/PA140113.JPG
 生成第91张图片:/Network/photo/100olymp/PA140115.JPG
 生成第92张图片:/Network/photo/100olymp/PA140117.JPG
 生成第93张图片:/Network/photo/100olymp/PA140118.JPG
 生成第94张图片:/Network/photo/100olymp/PA140119.JPG
 生成第95张图片:/Network/photo/100olymp/PA140120.JPG
 生成第96张图片:/Network/photo/100olymp/PA140121.JPG
 生成第97张图片:/Network/photo/100olymp/PA140122.JPG
 生成第98张图片:/Network/photo/100olymp/PA140123.JPG
 生成第99张图片:/Network/photo/100olymp/PA140124.JPG
 生成第100张图片:/Network/photo/100olymp/PA140125.JPG
 生成第101张图片:/Network/photo/100olymp/PA140126.JPG
 生成第102张图片:/Network/photo/100olymp/PA140127.JPG
 生成第103张图片:/Network/photo/100olymp/PA140128.JPG
 生成第104张图片:/Network/photo/100olymp/PA140130.JPG
 生成第105张图片:/Network/photo/100olymp/PA140131.JPG
 生成第106张图片:/Network/photo/100olymp/PA140132.JPG
 生成第107张图片:/Network/photo/100olymp/PA200137.JPG
 生成第108张图片:/Network/photo/100olymp/PA200138.JPG
 生成第109张图片:/Network/photo/100olymp/PA200139.JPG
 生成第110张图片:/Network/photo/100olymp/PA200140.JPG
 生成第111张图片:/Network/photo/100olymp/PA200143.JPG
 生成第112张图片:/Network/photo/100olymp/PA200144.JPG
 生成第113张图片:/Network/photo/100olymp/PA200146.JPG
 生成第114张图片:/Network/photo/100olymp/PA200149.JPG
 生成第115张图片:/Network/photo/100olymp/PA200150.JPG
 生成第116张图片:/Network/photo/100olymp/PA200153.JPG
 生成第117张图片:/Network/photo/100olymp/PA200154.JPG
 生成第118张图片:/Network/photo/100olymp/PA200157.JPG
 生成第119张图片:/Network/photo/100olymp/PA200159.JPG
 生成第120张图片:/Network/photo/100olymp/PA200161.JPG
 生成第121张图片:/Network/photo/100olymp/PA200162.JPG
 生成第122张图片:/Network/photo/100olymp/PA200164.JPG
 生成第123张图片:/Network/photo/100olymp/PA200173.JPG
 生成第124张图片:/Network/photo/100olymp/PA200174.JPG
 生成第125张图片:/Network/photo/100olymp/PA200176.JPG
 生成第126张图片:/Network/photo/100olymp/PA200178.JPG
 生成第127张图片:/Network/photo/100olymp/PA200179.JPG
 生成第128张图片:/Network/photo/100olymp/PA200181.JPG
 生成第129张图片:/Network/photo/100olymp/PA200183.JPG
 生成第130张图片:/Network/photo/100olymp/PA200185.JPG
 生成第131张图片:/Network/photo/100olymp/PA200186.JPG
 生成第132张图片:/Network/photo/100olymp/PA200187.JPG
 生成第133张图片:/Network/photo/100olymp/PA200188.JPG
 生成第134张图片:/Network/photo/100olymp/PA200189.JPG
 生成第135张图片:/Network/photo/100olymp/PA200190.JPG
 生成第136张图片:/Network/photo/100olymp/PA200191.JPG
 生成第137张图片:/Network/photo/100olymp/PA200192.JPG
 生成第138张图片:/Network/photo/100olymp/PA200193.JPG
 生成第139张图片:/Network/photo/100olymp/PA200208.JPG
 生成第140张图片:/Network/photo/100olymp/PA200209.JPG
 生成第141张图片:/Network/photo/100olymp/PA200210.JPG
 生成第142张图片:/Network/photo/100olymp/PA200212.JPG
 生成第143张图片:/Network/photo/100olymp/PA200216.JPG
 生成第144张图片:/Network/photo/100olymp/PA270007.JPG
 生成第145张图片:/Network/photo/100olymp/PA270008.JPG
 生成第146张图片:/Network/photo/100olymp/PA270009.JPG
 生成第147张图片:/Network/photo/100olymp/PA270010.JPG
 生成第148张图片:/Network/photo/100olymp/PA270011.JPG
 生成第149张图片:/Network/photo/100olymp/PA270012.JPG
 生成第150张图片:/Network/photo/100olymp/PA270013.JPG
 生成第151张图片:/Network/photo/100olymp/PA270014.JPG
 生成第152张图片:/Network/photo/100olymp/PA270016.JPG
 生成第153张图片:/Network/photo/100olymp/PA270017.JPG
 生成第154张图片:/Network/photo/100olymp/PA270021.JPG
 生成第155张图片:/Network/photo/100olymp/PA280022.JPG
 生成第156张图片:/Network/photo/100olymp/PA280025.JPG
 生成第157张图片:/Network/photo/100olymp/PA280026.JPG
 生成第158张图片:/Network/photo/100olymp/PA280027.JPG
 生成第159张图片:/Network/photo/100olymp/PA280028.JPG
 生成第160张图片:/Network/photo/100olymp/PA280029.JPG
 生成第161张图片:/Network/photo/100olymp/PA280030.JPG
 生成第162张图片:/Network/photo/100olymp/PA280031.JPG
 生成第163张图片:/Network/photo/100olymp/PA280032.JPG
 生成第164张图片:/Network/photo/100olymp/PA280033.JPG
 生成第165张图片:/Network/photo/100olymp/PA280034.JPG
 生成第166张图片:/Network/photo/100olymp/PA280035.JPG
 生成第167张图片:/Network/photo/100olymp/PA280039.JPG
 生成第168张图片:/Network/photo/100olymp/PA280041.JPG
 生成第169张图片:/Network/photo/100olymp/PA280042.JPG
 生成第170张图片:/Network/photo/100olymp/PA280043.JPG
 生成第171张图片:/Network/photo/100olymp/PA280045.JPG
 生成第172张图片:/Network/photo/100olymp/PA280046.JPG
 生成第173张图片:/Network/photo/100olymp/PA280047.JPG
 生成第174张图片:/Network/photo/100olymp/PA280048.JPG
 生成第175张图片:/Network/photo/100olymp/PA280050.JPG
 生成第176张图片:/Network/photo/100olymp/PA280052.JPG
 生成第177张图片:/Network/photo/100olymp/PA280053.JPG
 生成第178张图片:/Network/photo/100olymp/PA280055.JPG
 生成第179张图片:/Network/photo/100olymp/PA280057.JPG
 生成第180张图片:/Network/photo/100olymp/PA280060.JPG
 生成第181张图片:/Network/photo/100olymp/PA280064.JPG
 生成第182张图片:/Network/photo/100olymp/PA280067.JPG
 生成第183张图片:/Network/photo/100olymp/PA280069.JPG
 生成第184张图片:/Network/photo/100olymp/PA280070.JPG
 生成第185张图片:/Network/photo/100olymp/PC020130.JPG
 生成第186张图片:/Network/photo/100olymp/PC020131.JPG
 生成第187张图片:/Network/photo/100olymp/PC020132.JPG
 生成第188张图片:/Network/photo/100olymp/PC020134.JPG
 生成第189张图片:/Network/photo/100olymp/PC020136.JPG


 enter dir :/Network/photo/2012年会/
 生成第190张图片:/Network/photo/2012年会/DSC_0415.JPG
 生成第191张图片:/Network/photo/2012年会/DSC_0416.JPG
 生成第192张图片:/Network/photo/2012年会/DSC_0417.JPG
 生成第193张图片:/Network/photo/2012年会/DSC_0418.JPG
 生成第194张图片:/Network/photo/2012年会/DSC_0419.JPG
 生成第195张图片:/Network/photo/2012年会/DSC_0420.JPG
 生成第196张图片:/Network/photo/2012年会/DSC_0421.JPG
 生成第197张图片:/Network/photo/2012年会/DSC_0422.JPG
 生成第198张图片:/Network/photo/2012年会/DSC_0423.JPG
 生成第199张图片:/Network/photo/2012年会/DSC_0424.JPG
 生成第200张图片:/Network/photo/2012年会/DSC_0425.JPG
 生成第201张图片:/Network/photo/2012年会/DSC_0426.JPG
 生成第202张图片:/Network/photo/2012年会/DSC_0428.JPG
 生成第203张图片:/Network/photo/2012年会/DSC_0429.JPG
 生成第204张图片:/Network/photo/2012年会/DSC_0430.JPG
 生成第205张图片:/Network/photo/2012年会/DSC_0431.JPG
 生成第206张图片:/Network/photo/2012年会/DSC_0432.JPG
 生成第207张图片:/Network/photo/2012年会/DSC_0433.JPG
 生成第208张图片:/Network/photo/2012年会/DSC_0434.JPG
 生成第209张图片:/Network/photo/2012年会/DSC_0435.JPG
 生成第210张图片:/Network/photo/2012年会/DSC_0438.JPG
 生成第211张图片:/Network/photo/2012年会/DSC_0440.JPG
 生成第212张图片:/Network/photo/2012年会/DSC_0441.JPG
 生成第213张图片:/Network/photo/2012年会/DSC_0442.JPG
 生成第214张图片:/Network/photo/2012年会/DSC_0443.JPG


 enter dir :/Network/photo/信阳/
 生成第215张图片:/Network/photo/信阳/DSC00799.JPG
 生成第216张图片:/Network/photo/信阳/DSC00801.JPG
 生成第217张图片:/Network/photo/信阳/DSC00802.JPG
 生成第218张图片:/Network/photo/信阳/DSC00803.JPG
 生成第219张图片:/Network/photo/信阳/DSC00805.JPG
 生成第220张图片:/Network/photo/信阳/DSC00806.JPG
 生成第221张图片:/Network/photo/信阳/DSC00807.JPG
 生成第222张图片:/Network/photo/信阳/DSC00815.JPG
 生成第223张图片:/Network/photo/信阳/DSC00819.JPG
 生成第224张图片:/Network/photo/信阳/DSC00835.JPG
 生成第225张图片:/Network/photo/信阳/DSC00839.JPG
 生成第226张图片:/Network/photo/信阳/DSC00845.JPG
 生成第227张图片:/Network/photo/信阳/DSC00850.JPG
 生成第228张图片:/Network/photo/信阳/DSC00853.JPG
 生成第229张图片:/Network/photo/信阳/DSC00855.JPG
 生成第230张图片:/Network/photo/信阳/DSC00857.JPG
 生成第231张图片:/Network/photo/信阳/DSC00863.JPG
 生成第232张图片:/Network/photo/信阳/DSC00866.JPG
 生成第233张图片:/Network/photo/信阳/DSC00870.JPG
 生成第234张图片:/Network/photo/信阳/DSC00872.JPG
 生成第235张图片:/Network/photo/信阳/DSC00874.JPG
 生成第236张图片:/Network/photo/信阳/DSC00877.JPG
 生成第237张图片:/Network/photo/信阳/DSC00882.JPG
 生成第238张图片:/Network/photo/信阳/DSC00889.JPG
 生成第239张图片:/Network/photo/信阳/DSC00896.JPG
 生成第240张图片:/Network/photo/信阳/P9070001.JPG
 生成第241张图片:/Network/photo/信阳/P9070003.JPG
 生成第242张图片:/Network/photo/信阳/P9070004.JPG
 生成第243张图片:/Network/photo/信阳/P9070005.JPG
 生成第244张图片:/Network/photo/信阳/P9070008.JPG
 生成第245张图片:/Network/photo/信阳/P9070011.JPG
 生成第246张图片:/Network/photo/信阳/P9070012.JPG
 生成第247张图片:/Network/photo/信阳/P9070014.JPG
 生成第248张图片:/Network/photo/信阳/P9070015.JPG
 生成第249张图片:/Network/photo/信阳/P9070016.JPG
 生成第250张图片:/Network/photo/信阳/P9070019.JPG
 生成第251张图片:/Network/photo/信阳/P9070020.JPG
 生成第252张图片:/Network/photo/信阳/P9070023.JPG
 生成第253张图片:/Network/photo/信阳/P9070024.JPG
 生成第254张图片:/Network/photo/信阳/P9070025.JPG
 生成第255张图片:/Network/photo/信阳/P9070026.JPG
 生成第256张图片:/Network/photo/信阳/P9070028.JPG
 生成第257张图片:/Network/photo/信阳/P9070029.JPG
 生成第258张图片:/Network/photo/信阳/P9070030.JPG
 生成第259张图片:/Network/photo/信阳/P9070031.JPG
 生成第260张图片:/Network/photo/信阳/P9070032.JPG
 生成第261张图片:/Network/photo/信阳/P9070033.JPG
 生成第262张图片:/Network/photo/信阳/P9070034.JPG
 生成第263张图片:/Network/photo/信阳/P9070037.JPG
 生成第264张图片:/Network/photo/信阳/P9070038.JPG
 生成第265张图片:/Network/photo/信阳/P9070039.JPG
 生成第266张图片:/Network/photo/信阳/P9070040.JPG
 生成第267张图片:/Network/photo/信阳/P9070041.JPG
 生成第268张图片:/Network/photo/信阳/P9070042.JPG
 生成第269张图片:/Network/photo/信阳/P9070044.JPG
 生成第270张图片:/Network/photo/信阳/P9070045.JPG
 生成第271张图片:/Network/photo/信阳/P9070046.JPG
 生成第272张图片:/Network/photo/信阳/P9070047.JPG
 生成第273张图片:/Network/photo/信阳/P9070048.JPG
 生成第274张图片:/Network/photo/信阳/P9070050.JPG
 生成第275张图片:/Network/photo/信阳/P9070053.JPG
 生成第276张图片:/Network/photo/信阳/P9070054.JPG
 生成第277张图片:/Network/photo/信阳/P9070056.JPG
 生成第278张图片:/Network/photo/信阳/P9070058.JPG
 生成第279张图片:/Network/photo/信阳/P9070059.JPG
 生成第280张图片:/Network/photo/信阳/P9070061.JPG
 生成第281张图片:/Network/photo/信阳/P9070066.JPG
 生成第282张图片:/Network/photo/信阳/P9070067.JPG
 生成第283张图片:/Network/photo/信阳/P9070068.JPG
 生成第284张图片:/Network/photo/信阳/P9070072.JPG
 生成第285张图片:/Network/photo/信阳/P9070075.JPG
 生成第286张图片:/Network/photo/信阳/P9070076.JPG
 生成第287张图片:/Network/photo/信阳/P9070077.JPG
 生成第288张图片:/Network/photo/信阳/P9070083.JPG
 生成第289张图片:/Network/photo/信阳/P9070097.JPG
 生成第290张图片:/Network/photo/信阳/P9070098.JPG
 生成第291张图片:/Network/photo/信阳/P9080104.JPG
 生成第292张图片:/Network/photo/信阳/P9080108.JPG
 生成第293张图片:/Network/photo/信阳/P9080115.JPG
 生成第294张图片:/Network/photo/信阳/P9080117.JPG
 生成第295张图片:/Network/photo/信阳/P9080118.JPG
 生成第296张图片:/Network/photo/信阳/P9080119.JPG
 生成第297张图片:/Network/photo/信阳/P9080120.JPG
 生成第298张图片:/Network/photo/信阳/P9080122.JPG
 生成第299张图片:/Network/photo/信阳/P9080123.JPG
 生成第300张图片:/Network/photo/信阳/P9080124.JPG
 生成第301张图片:/Network/photo/信阳/P9080125.JPG
 生成第302张图片:/Network/photo/信阳/P9080128.JPG
 生成第303张图片:/Network/photo/信阳/P9080129.JPG
 生成第304张图片:/Network/photo/信阳/P9080130.JPG
 生成第305张图片:/Network/photo/信阳/P9080132.JPG
 生成第306张图片:/Network/photo/信阳/P9080134.JPG
 生成第307张图片:/Network/photo/信阳/P9080136.JPG
 生成第308张图片:/Network/photo/信阳/P9080138.JPG
 生成第309张图片:/Network/photo/信阳/P9080139.JPG
 生成第310张图片:/Network/photo/信阳/P9080141.JPG
 生成第311张图片:/Network/photo/信阳/P9080142.JPG
 生成第312张图片:/Network/photo/信阳/P9080143.JPG
 生成第313张图片:/Network/photo/信阳/P9080145.JPG
 生成第314张图片:/Network/photo/信阳/P9080147.JPG
 生成第315张图片:/Network/photo/信阳/P9080148.JPG
 生成第316张图片:/Network/photo/信阳/dsc00667.jpg
 生成第317张图片:/Network/photo/信阳/dsc00668.jpg
 生成第318张图片:/Network/photo/信阳/dsc00669.jpg
 生成第319张图片:/Network/photo/信阳/dsc00671.jpg
 生成第320张图片:/Network/photo/信阳/dsc00674.jpg
 生成第321张图片:/Network/photo/信阳/dsc00679.jpg
 生成第322张图片:/Network/photo/信阳/dsc00682.jpg
 生成第323张图片:/Network/photo/信阳/dsc00684.jpg
 生成第324张图片:/Network/photo/信阳/dsc00688.jpg
 生成第325张图片:/Network/photo/信阳/dsc00691.jpg
 生成第326张图片:/Network/photo/信阳/dsc00692.jpg
 生成第327张图片:/Network/photo/信阳/dsc00698.jpg
 生成第328张图片:/Network/photo/信阳/dsc00699.jpg
 生成第329张图片:/Network/photo/信阳/dsc00702.jpg
 生成第330张图片:/Network/photo/信阳/dsc00703.jpg
 生成第331张图片:/Network/photo/信阳/dsc00706.jpg
 生成第332张图片:/Network/photo/信阳/dsc00716.jpg
 生成第333张图片:/Network/photo/信阳/dsc00717.jpg
 生成第334张图片:/Network/photo/信阳/dsc00722.jpg
 生成第335张图片:/Network/photo/信阳/dsc00735.jpg
 生成第336张图片:/Network/photo/信阳/dsc00738.jpg
 生成第337张图片:/Network/photo/信阳/dsc00755.jpg
 生成第338张图片:/Network/photo/信阳/dsc00763.jpg
 生成第339张图片:/Network/photo/信阳/dsc00765.jpg
 生成第340张图片:/Network/photo/信阳/dsc00774.jpg
 生成第341张图片:/Network/photo/信阳/dsc00777.jpg
 生成第342张图片:/Network/photo/信阳/dsc00779.jpg
 生成第343张图片:/Network/photo/信阳/dsc00780.jpg
 生成第344张图片:/Network/photo/信阳/dsc00784.jpg
 生成第345张图片:/Network/photo/信阳/dsc00786.jpg
 生成第346张图片:/Network/photo/信阳/dsc00795.jpg


 enter dir :/Network/photo/壁纸/
 生成第347张图片:/Network/photo/壁纸/P1010183.JPG
 生成第348张图片:/Network/photo/壁纸/P1010194.JPG
 生成第349张图片:/Network/photo/壁纸/P1010267.JPG
 生成第350张图片:/Network/photo/壁纸/P1010271.JPG
 生成第351张图片:/Network/photo/壁纸/P1010272.JPG
 生成第352张图片:/Network/photo/壁纸/P1010324.JPG
 生成第353张图片:/Network/photo/壁纸/P1020503.JPG
 生成第354张图片:/Network/photo/壁纸/P2180356.JPG
 生成第355张图片:/Network/photo/壁纸/P2180358.JPG
 生成第356张图片:/Network/photo/壁纸/P2180363.JPG
 生成第357张图片:/Network/photo/壁纸/P2180367.JPG
 生成第358张图片:/Network/photo/壁纸/P2180368副本.jpg
 生成第359张图片:/Network/photo/壁纸/P2180369.JPG
 生成第360张图片:/Network/photo/壁纸/P5220128.JPG
 生成第361张图片:/Network/photo/壁纸/P5220129.JPG
 生成第362张图片:/Network/photo/壁纸/P5220130.JPG
 生成第363张图片:/Network/photo/壁纸/P5220132.JPG
 生成第364张图片:/Network/photo/壁纸/P5220135.JPG
 生成第365张图片:/Network/photo/壁纸/P5220136.JPG
 生成第366张图片:/Network/photo/壁纸/P5220142.JPG
 生成第367张图片:/Network/photo/壁纸/P5220144.JPG
 生成第368张图片:/Network/photo/壁纸/P5220145.JPG
 生成第369张图片:/Network/photo/壁纸/P5220146.JPG
 生成第370张图片:/Network/photo/壁纸/P5220147.JPG
 生成第371张图片:/Network/photo/壁纸/P5220148.JPG
 生成第372张图片:/Network/photo/壁纸/P5220150.JPG


 enter dir :/Network/photo/绿博园/
 生成第373张图片:/Network/photo/绿博园/201304211.JPG
 生成第374张图片:/Network/photo/绿博园/2013042110.JPG
 生成第375张图片:/Network/photo/绿博园/2013042111.JPG
 生成第376张图片:/Network/photo/绿博园/2013042112.JPG
 生成第377张图片:/Network/photo/绿博园/2013042113.JPG
 生成第378张图片:/Network/photo/绿博园/2013042114.JPG
 生成第379张图片:/Network/photo/绿博园/2013042115.JPG
 生成第380张图片:/Network/photo/绿博园/2013042116.JPG
 生成第381张图片:/Network/photo/绿博园/2013042117.JPG
 生成第382张图片:/Network/photo/绿博园/2013042118.JPG
 生成第383张图片:/Network/photo/绿博园/2013042119.JPG
 生成第384张图片:/Network/photo/绿博园/201304212.JPG
 生成第385张图片:/Network/photo/绿博园/2013042120.JPG
 生成第386张图片:/Network/photo/绿博园/2013042121.JPG
 生成第387张图片:/Network/photo/绿博园/2013042122.JPG
 生成第388张图片:/Network/photo/绿博园/2013042123.JPG
 生成第389张图片:/Network/photo/绿博园/2013042124.JPG
 生成第390张图片:/Network/photo/绿博园/2013042125.JPG
 生成第391张图片:/Network/photo/绿博园/2013042126.JPG
 生成第392张图片:/Network/photo/绿博园/2013042127.JPG
 生成第393张图片:/Network/photo/绿博园/2013042128.jpg
 生成第394张图片:/Network/photo/绿博园/2013042129.JPG
 生成第395张图片:/Network/photo/绿博园/201304213.JPG
 生成第396张图片:/Network/photo/绿博园/2013042130.JPG
 生成第397张图片:/Network/photo/绿博园/2013042131.JPG
 生成第398张图片:/Network/photo/绿博园/2013042132.JPG
 生成第399张图片:/Network/photo/绿博园/2013042133.JPG
 生成第400张图片:/Network/photo/绿博园/2013042134.JPG
 生成第401张图片:/Network/photo/绿博园/2013042135.JPG
 生成第402张图片:/Network/photo/绿博园/2013042136.JPG
 生成第403张图片:/Network/photo/绿博园/2013042137.JPG
 生成第404张图片:/Network/photo/绿博园/2013042138.JPG
 生成第405张图片:/Network/photo/绿博园/2013042139.JPG
 生成第406张图片:/Network/photo/绿博园/201304214.jpg
 生成第407张图片:/Network/photo/绿博园/2013042140.JPG
 生成第408张图片:/Network/photo/绿博园/2013042141.JPG
 生成第409张图片:/Network/photo/绿博园/2013042142.JPG
 生成第410张图片:/Network/photo/绿博园/2013042143.JPG
 生成第411张图片:/Network/photo/绿博园/2013042144.JPG
 生成第412张图片:/Network/photo/绿博园/2013042145.JPG
 生成第413张图片:/Network/photo/绿博园/2013042146.JPG
 生成第414张图片:/Network/photo/绿博园/2013042147.JPG
 生成第415张图片:/Network/photo/绿博园/2013042148.JPG
 生成第416张图片:/Network/photo/绿博园/2013042149.JPG
 生成第417张图片:/Network/photo/绿博园/201304215.jpg
 生成第418张图片:/Network/photo/绿博园/2013042150.JPG
 生成第419张图片:/Network/photo/绿博园/2013042151.JPG
 生成第420张图片:/Network/photo/绿博园/2013042152.JPG
 生成第421张图片:/Network/photo/绿博园/2013042153.JPG
 生成第422张图片:/Network/photo/绿博园/2013042154.JPG
 生成第423张图片:/Network/photo/绿博园/2013042155.JPG
 生成第424张图片:/Network/photo/绿博园/2013042156.JPG
 生成第425张图片:/Network/photo/绿博园/2013042157.JPG
 生成第426张图片:/Network/photo/绿博园/2013042158.JPG
 生成第427张图片:/Network/photo/绿博园/2013042159.JPG
 生成第428张图片:/Network/photo/绿博园/201304216.jpg
 生成第429张图片:/Network/photo/绿博园/2013042160.JPG
 生成第430张图片:/Network/photo/绿博园/2013042161.JPG
 生成第431张图片:/Network/photo/绿博园/2013042162.JPG
 生成第432张图片:/Network/photo/绿博园/2013042163.JPG
 生成第433张图片:/Network/photo/绿博园/2013042164.JPG
 生成第434张图片:/Network/photo/绿博园/2013042165.JPG
 生成第435张图片:/Network/photo/绿博园/2013042166.JPG
 生成第436张图片:/Network/photo/绿博园/2013042167.JPG
 生成第437张图片:/Network/photo/绿博园/2013042168.JPG
 生成第438张图片:/Network/photo/绿博园/2013042169.JPG
 生成第439张图片:/Network/photo/绿博园/201304217.jpg
 生成第440张图片:/Network/photo/绿博园/2013042170.JPG
 生成第441张图片:/Network/photo/绿博园/2013042171.JPG
 生成第442张图片:/Network/photo/绿博园/2013042172.JPG
 生成第443张图片:/Network/photo/绿博园/2013042173.JPG
 生成第444张图片:/Network/photo/绿博园/2013042174.JPG
 生成第445张图片:/Network/photo/绿博园/2013042175.JPG
 生成第446张图片:/Network/photo/绿博园/2013042176.JPG
 生成第447张图片:/Network/photo/绿博园/2013042177.JPG
 生成第448张图片:/Network/photo/绿博园/2013042178.JPG
 生成第449张图片:/Network/photo/绿博园/2013042179.JPG
 生成第450张图片:/Network/photo/绿博园/201304218.JPG
 生成第451张图片:/Network/photo/绿博园/2013042180.jpg
 生成第452张图片:/Network/photo/绿博园/2013042181.JPG
 生成第453张图片:/Network/photo/绿博园/2013042182.JPG
 生成第454张图片:/Network/photo/绿博园/2013042183.JPG
 生成第455张图片:/Network/photo/绿博园/2013042184.JPG
 生成第456张图片:/Network/photo/绿博园/2013042185.JPG
 生成第457张图片:/Network/photo/绿博园/2013042186.JPG
 生成第458张图片:/Network/photo/绿博园/2013042187.JPG
 生成第459张图片:/Network/photo/绿博园/2013042188.JPG
 生成第460张图片:/Network/photo/绿博园/2013042189.JPG
 生成第461张图片:/Network/photo/绿博园/201304219.JPG
 生成第462张图片:/Network/photo/绿博园/DSC_0630.JPG
 生成第463张图片:/Network/photo/绿博园/DSC_0634.JPG
 生成第464张图片:/Network/photo/绿博园/DSC_0635.JPG
 生成第465张图片:/Network/photo/绿博园/DSC_0636.JPG
 生成第466张图片:/Network/photo/绿博园/DSC_0640.JPG
 生成第467张图片:/Network/photo/绿博园/DSC_0643.JPG
 生成第468张图片:/Network/photo/绿博园/DSC_0652.JPG
 生成第469张图片:/Network/photo/绿博园/DSC_0658.JPG
 生成第470张图片:/Network/photo/绿博园/DSC_0659.JPG
 生成第471张图片:/Network/photo/绿博园/DSC_0660.JPG
 生成第472张图片:/Network/photo/绿博园/DSC_0662.JPG
 生成第473张图片:/Network/photo/绿博园/DSC_0666.JPG
 生成第474张图片:/Network/photo/绿博园/DSC_0670.jpg
 生成第475张图片:/Network/photo/绿博园/DSC_0673.JPG
 生成第476张图片:/Network/photo/绿博园/DSC_0693.JPG
 生成第477张图片:/Network/photo/绿博园/DSC_0704.JPG
 生成第478张图片:/Network/photo/绿博园/DSC_0706.JPG
 生成第479张图片:/Network/photo/绿博园/DSC_0721.JPG
 生成第480张图片:/Network/photo/绿博园/DSC_0737.JPG
 生成第481张图片:/Network/photo/绿博园/DSC_0738.JPG
 生成第482张图片:/Network/photo/绿博园/DSC_0739.JPG
 生成第483张图片:/Network/photo/绿博园/DSC_0741.JPG
 生成第484张图片:/Network/photo/绿博园/DSC_0749.JPG
 生成第485张图片:/Network/photo/绿博园/DSC_0751.JPG
 生成第486张图片:/Network/photo/绿博园/DSC_0753.JPG
 生成第487张图片:/Network/photo/绿博园/DSC_0756.JPG
 生成第488张图片:/Network/photo/绿博园/DSC_0761.JPG
 生成第489张图片:/Network/photo/绿博园/DSC_0762.JPG
 生成第490张图片:/Network/photo/绿博园/DSC_0763.JPG
 生成第491张图片:/Network/photo/绿博园/P4010003.JPG
 生成第492张图片:/Network/photo/绿博园/P4010005.JPG
 生成第493张图片:/Network/photo/绿博园/P4010006.JPG
 生成第494张图片:/Network/photo/绿博园/P4010008.JPG
 生成第495张图片:/Network/photo/绿博园/P4010013.JPG
 生成第496张图片:/Network/photo/绿博园/P4010018.JPG
 生成第497张图片:/Network/photo/绿博园/P4010025.JPG
 生成第498张图片:/Network/photo/绿博园/P4010027.JPG
 生成第499张图片:/Network/photo/绿博园/P4010028.JPG
 生成第500张图片:/Network/photo/绿博园/P4010030.JPG
 生成第501张图片:/Network/photo/绿博园/P4010031.JPG
 生成第502张图片:/Network/photo/绿博园/P4010036.JPG
 生成第503张图片:/Network/photo/绿博园/P4010041.JPG
 生成第504张图片:/Network/photo/绿博园/P4010042.JPG
 生成第505张图片:/Network/photo/绿博园/P4010044.JPG
 生成第506张图片:/Network/photo/绿博园/P4010047.JPG
 生成第507张图片:/Network/photo/绿博园/P4010048.JPG
 生成第508张图片:/Network/photo/绿博园/P4010057.JPG
 生成第509张图片:/Network/photo/绿博园/P4010060.JPG
 生成第510张图片:/Network/photo/绿博园/P4010062.JPG
 生成第511张图片:/Network/photo/绿博园/P4010066.JPG
 生成第512张图片:/Network/photo/绿博园/P4210372.JPG
 生成第513张图片:/Network/photo/绿博园/P4210374.JPG
 生成第514张图片:/Network/photo/绿博园/P4210376.JPG
 生成第515张图片:/Network/photo/绿博园/P4210378.JPG
 生成第516张图片:/Network/photo/绿博园/P4210379.JPG
 生成第517张图片:/Network/photo/绿博园/P4210383.JPG
 生成第518张图片:/Network/photo/绿博园/P4210384.JPG
 生成第519张图片:/Network/photo/绿博园/P4210389.JPG
 生成第520张图片:/Network/photo/绿博园/P4210391.JPG
 生成第521张图片:/Network/photo/绿博园/P4210392.JPG
 生成第522张图片:/Network/photo/绿博园/P4210393.JPG
 生成第523张图片:/Network/photo/绿博园/P4210395.JPG
 生成第524张图片:/Network/photo/绿博园/P4210397.JPG
 生成第525张图片:/Network/photo/绿博园/P4210399.JPG
 生成第526张图片:/Network/photo/绿博园/P4210407.JPG
 生成第527张图片:/Network/photo/绿博园/P4210411.JPG
 生成第528张图片:/Network/photo/绿博园/P4210413.JPG
 生成第529张图片:/Network/photo/绿博园/P4210420.JPG
 生成第530张图片:/Network/photo/绿博园/P4210421.JPG
 生成第531张图片:/Network/photo/绿博园/P4210425.JPG
 生成第532张图片:/Network/photo/绿博园/P4210427.JPG
 生成第533张图片:/Network/photo/绿博园/P4210428.JPG
 生成第534张图片:/Network/photo/绿博园/P4210429.JPG
 生成第535张图片:/Network/photo/绿博园/P4210431.JPG
 生成第536张图片:/Network/photo/绿博园/P4210432.JPG
 生成第537张图片:/Network/photo/绿博园/P4210433.JPG
 生成第538张图片:/Network/photo/绿博园/P4210434.JPG
 生成第539张图片:/Network/photo/绿博园/P4210435.JPG
 生成第540张图片:/Network/photo/绿博园/P4210436.JPG
 生成第541张图片:/Network/photo/绿博园/P4210440.JPG
 生成第542张图片:/Network/photo/绿博园/P4210442.JPG
 生成第543张图片:/Network/photo/绿博园/P4210449.JPG
 生成第544张图片:/Network/photo/绿博园/P4210455.JPG
 生成第545张图片:/Network/photo/绿博园/P4210456.JPG
 生成第546张图片:/Network/photo/绿博园/P4210457.JPG
 生成第547张图片:/Network/photo/绿博园/P4210459.JPG
 生成第548张图片:/Network/photo/绿博园/P4210460.JPG
 生成第549张图片:/Network/photo/绿博园/P4210461.JPG
 生成第550张图片:/Network/photo/绿博园/P4210462.JPG
 生成第551张图片:/Network/photo/绿博园/P4210465.JPG
 生成第552张图片:/Network/photo/绿博园/P4210467.JPG
 生成第553张图片:/Network/photo/绿博园/P4210471.JPG
 生成第554张图片:/Network/photo/绿博园/P4210473.JPG
 生成第555张图片:/Network/photo/绿博园/P4210474.JPG
 生成第556张图片:/Network/photo/绿博园/P4210475.JPG
 生成第557张图片:/Network/photo/绿博园/P4210481.JPG
 生成第558张图片:/Network/photo/绿博园/P4210483.JPG
 生成第559张图片:/Network/photo/绿博园/P4210484.JPG
 生成第560张图片:/Network/photo/绿博园/P4210486.JPG
 生成第561张图片:/Network/photo/绿博园/P4210487.JPG
 生成第562张图片:/Network/photo/绿博园/P4210490.JPG
 生成第563张图片:/Network/photo/绿博园/P4210492.JPG
 生成第564张图片:/Network/photo/绿博园/P4210496.JPG
 生成第565张图片:/Network/photo/绿博园/P4210500.JPG
 生成第566张图片:/Network/photo/绿博园/P4210501.JPG
 生成第567张图片:/Network/photo/绿博园/P4210503.JPG
 生成第568张图片:/Network/photo/绿博园/P4210507.JPG
 生成第569张图片:/Network/photo/绿博园/P4210509.JPG
 生成第570张图片:/Network/photo/绿博园/P4210510.JPG
 生成第571张图片:/Network/photo/绿博园/P4210516.JPG
 生成第572张图片:/Network/photo/绿博园/P4210517.JPG
 生成第573张图片:/Network/photo/绿博园/P4210519.JPG
 生成第574张图片:/Network/photo/绿博园/P4210520.JPG
 生成第575张图片:/Network/photo/绿博园/P4210521.JPG
 生成第576张图片:/Network/photo/绿博园/P4210523.JPG
 生成第577张图片:/Network/photo/绿博园/P4210526.JPG
 生成第578张图片:/Network/photo/绿博园/P4210531.JPG
 生成第579张图片:/Network/photo/绿博园/P4210532.JPG
 生成第580张图片:/Network/photo/绿博园/P4210537.JPG
 生成第581张图片:/Network/photo/绿博园/P4210542.JPG
 生成第582张图片:/Network/photo/绿博园/P4210545.JPG
 生成第583张图片:/Network/photo/绿博园/P4210546.JPG
 生成第584张图片:/Network/photo/绿博园/P4210548.JPG
 生成第585张图片:/Network/photo/绿博园/P4210551.JPG
 生成第586张图片:/Network/photo/绿博园/P4210553.JPG
 生成第587张图片:/Network/photo/绿博园/P4210559.JPG
 生成第588张图片:/Network/photo/绿博园/P4210562.JPG
 生成第589张图片:/Network/photo/绿博园/P4210564.JPG
 生成第590张图片:/Network/photo/绿博园/P4210565.JPG
 生成第591张图片:/Network/photo/绿博园/P4210566.JPG
 生成第592张图片:/Network/photo/绿博园/P4210567.JPG
 生成第593张图片:/Network/photo/绿博园/P4210568.JPG
 生成第594张图片:/Network/photo/绿博园/P4210569.JPG
 生成第595张图片:/Network/photo/绿博园/P4210571.JPG
 生成第596张图片:/Network/photo/绿博园/P4210572.JPG
 生成第597张图片:/Network/photo/绿博园/P4210575.JPG